<?xml version="1.0" encoding="UTF-8"?>
<!-- Generated by org.testng.reporters.JUnitReportReporter -->
<testsuite hostname="DESKTOP-E0D86RI" failures="0" tests="2" name="TestNGtest.ParameterfromXmlfile" time="23.656" errors="0" timestamp="2025-04-08T21:39:11 IST" skipped="0">
  <testcase classname="TestNGtest.ParameterfromXmlfile" name="LoginTest" time="13.778"/>
  <testcase classname="TestNGtest.ParameterfromXmlfile" name="LoginTest1" time="9.878"/>
</testsuite> <!-- TestNGtest.ParameterfromXmlfile -->
