<?xml version="1.0" encoding="UTF-8"?>
<!-- Generated by org.testng.reporters.JUnitReportReporter -->
<testsuite hostname="DESKTOP-E0D86RI" failures="0" tests="6" name="TestNGtest.FewAnotationsTestNG" time="0.053" errors="0" timestamp="2025-04-17T20:14:57 IST" skipped="0">
  <testcase classname="TestNGtest.FewAnotationsTestNG" name="loginpramod" time="0.005"/>
  <testcase classname="TestNGtest.FewAnotationsTestNG" name="loginpammy" time="0.011"/>
  <testcase classname="TestNGtest.FewAnotationsTestNG" name="loginamar" time="0.022"/>
  <testcase classname="TestNGtest.FewAnotationsTestNG" name="logoutpramodh" time="0.003"/>
  <testcase classname="TestNGtest.FewAnotationsTestNG" name="logoutpammy" time="0.007"/>
  <testcase classname="TestNGtest.FewAnotationsTestNG" name="logoutamar" time="0.005"/>
</testsuite> <!-- TestNGtest.FewAnotationsTestNG -->
