<?xml version="1.0" encoding="UTF-8"?>
<!-- Generated by org.testng.reporters.JUnitReportReporter -->
<testsuite hostname="DESKTOP-E0D86RI" failures="0" tests="1" name="TestNGtest.TestNGlaunch" time="11.362" errors="0" timestamp="2025-04-08T19:37:39 IST" skipped="0">
  <testcase classname="TestNGtest.TestNGlaunch" name="TesNGtestscript" time="11.362"/>
</testsuite> <!-- TestNGtest.TestNGlaunch -->
